<?xml version="1.0" encoding="UTF-8"?>
<testng-results ignored="2" total="3" passed="1" failed="0" skipped="0">
  <reporter-output>
  </reporter-output>
  <suite started-at="2025-04-21T20:17:41 GMT+03:00" name="Default suite" finished-at="2025-04-21T20:17:48 GMT+03:00" duration-ms="7484">
    <groups>
    </groups>
    <test started-at="2025-04-21T20:17:41 GMT+03:00" name="Default test" finished-at="2025-04-21T20:17:48 GMT+03:00" duration-ms="7484">
      <class name="codenboxautomationlab1.codenboxautomationlab1.AppTest">
        <test-method is-config="true" signature="mySetup()[pri:0, instance:codenboxautomationlab1.codenboxautomationlab1.AppTest@366c4480]" started-at="2025-04-21T20:17:41 GMT+03:00" name="mySetup" finished-at="2025-04-21T20:17:48 GMT+03:00" duration-ms="7167" status="PASS">
          <reporter-output>
          </reporter-output>
        </test-method> <!-- mySetup -->
        <test-method signature="StaticDropdown()[pri:3, instance:codenboxautomationlab1.codenboxautomationlab1.AppTest@366c4480]" started-at="2025-04-21T20:17:48 GMT+03:00" name="StaticDropdown" finished-at="2025-04-21T20:17:48 GMT+03:00" duration-ms="217" status="PASS">
          <reporter-output>
          </reporter-output>
        </test-method> <!-- StaticDropdown -->
      </class> <!-- codenboxautomationlab1.codenboxautomationlab1.AppTest -->
    </test> <!-- Default test -->
  </suite> <!-- Default suite -->
</testng-results>
